<?xml version="1.0" encoding="UTF-8"?>
<!-- Generated by org.testng.reporters.JUnitXMLReporter -->
<testsuite ignored="0" hostname="LAPTOP-MVVD1D1F" failures="0" tests="2" name="Default test" time="10.105" errors="0" timestamp="2023-12-22T11:52:47 IST">
  <testcase classname="com.task.Test.ForgetPasswordTest" name="getResetLinkForPassword" time="4.832"/>
  <testcase classname="com.task.Test.ForgetPasswordTest" name="getPopupMsgAfterClickResetLink" time="0.037"/>
</testsuite> <!-- Default test -->
